0 info it worked if it ends with ok
1 verbose cli [ '/usr/bin/nodejs', '/usr/bin/npm', 'run', 'watch_build' ]
2 info using npm@3.10.10
3 info using node@v6.10.2
4 verbose run-script [ 'prewatch_build', 'watch_build', 'postwatch_build' ]
5 info lifecycle monopoly@0.0.1~prewatch_build: monopoly@0.0.1
6 silly lifecycle monopoly@0.0.1~prewatch_build: no script for prewatch_build, continuing
7 info lifecycle monopoly@0.0.1~watch_build: monopoly@0.0.1
8 verbose lifecycle monopoly@0.0.1~watch_build: unsafe-perm in lifecycle true
9 verbose lifecycle monopoly@0.0.1~watch_build: PATH: /usr/lib/node_modules/npm/bin/node-gyp-bin:/home/jinreezen/monopoly/node_modules/.bin:/usr/local/sbin:/usr/local/bin:/usr/sbin:/usr/bin:/sbin:/bin:/usr/games:/usr/local/games
10 verbose lifecycle monopoly@0.0.1~watch_build: CWD: /home/jinreezen/monopoly
11 silly lifecycle monopoly@0.0.1~watch_build: Args: [ '-c', 'webpack --config webpack.config.js -w' ]
12 silly lifecycle monopoly@0.0.1~watch_build: Returned: code: 1  signal: null
13 info lifecycle monopoly@0.0.1~watch_build: Failed to exec watch_build script
14 verbose stack Error: monopoly@0.0.1 watch_build: `webpack --config webpack.config.js -w`
14 verbose stack Exit status 1
14 verbose stack     at EventEmitter.<anonymous> (/usr/lib/node_modules/npm/lib/utils/lifecycle.js:255:16)
14 verbose stack     at emitTwo (events.js:106:13)
14 verbose stack     at EventEmitter.emit (events.js:191:7)
14 verbose stack     at ChildProcess.<anonymous> (/usr/lib/node_modules/npm/lib/utils/spawn.js:40:14)
14 verbose stack     at emitTwo (events.js:106:13)
14 verbose stack     at ChildProcess.emit (events.js:191:7)
14 verbose stack     at maybeClose (internal/child_process.js:886:16)
14 verbose stack     at Process.ChildProcess._handle.onexit (internal/child_process.js:226:5)
15 verbose pkgid monopoly@0.0.1
16 verbose cwd /home/jinreezen/monopoly
17 error Linux 4.4.0-72-generic
18 error argv "/usr/bin/nodejs" "/usr/bin/npm" "run" "watch_build"
19 error node v6.10.2
20 error npm  v3.10.10
21 error code ELIFECYCLE
22 error monopoly@0.0.1 watch_build: `webpack --config webpack.config.js -w`
22 error Exit status 1
23 error Failed at the monopoly@0.0.1 watch_build script 'webpack --config webpack.config.js -w'.
23 error Make sure you have the latest version of node.js and npm installed.
23 error If you do, this is most likely a problem with the monopoly package,
23 error not with npm itself.
23 error Tell the author that this fails on your system:
23 error     webpack --config webpack.config.js -w
23 error You can get information on how to open an issue for this project with:
23 error     npm bugs monopoly
23 error Or if that isn't available, you can get their info via:
23 error     npm owner ls monopoly
23 error There is likely additional logging output above.
24 verbose exit [ 1, true ]
